<?xml version="1.0" encoding="UTF-8"?>
<testng-results ignored="0" total="2" passed="2" failed="0" skipped="0">
  <reporter-output>
  </reporter-output>
  <suite started-at="2023-05-03T14:06:55 EDT" name="Default suite" finished-at="2023-05-03T14:06:57 EDT" duration-ms="1322">
    <groups>
    </groups>
    <test started-at="2023-05-03T14:06:55 EDT" name="Default test" finished-at="2023-05-03T14:06:57 EDT" duration-ms="1322">
      <class name="Test_GET">
        <test-method signature="test_01()[pri:0, instance:Test_GET@63a12c68]" started-at="2023-05-03T14:06:55 EDT" name="test_01" finished-at="2023-05-03T14:06:56 EDT" duration-ms="1046" status="PASS">
          <reporter-output>
          </reporter-output>
        </test-method> <!-- test_01 -->
        <test-method signature="test_02()[pri:0, instance:Test_GET@63a12c68]" started-at="2023-05-03T14:06:56 EDT" name="test_02" finished-at="2023-05-03T14:06:57 EDT" duration-ms="244" status="PASS">
          <reporter-output>
          </reporter-output>
        </test-method> <!-- test_02 -->
      </class> <!-- Test_GET -->
    </test> <!-- Default test -->
  </suite> <!-- Default suite -->
</testng-results>
